info: Server started at http://localhost:3020/api/v1/ {"timestamp":"2023-12-24T08:38:56.083Z"}
info: Connected to the database. {"timestamp":"2023-12-24T08:38:56.108Z"}
info: Connected to the database. {"timestamp":"2023-12-24T12:45:36.368Z"}
info: Server started at http://localhost:3020/api/v1/ {"timestamp":"2023-12-24T12:45:57.491Z"}
info: Connected to the database. {"timestamp":"2023-12-24T12:45:57.506Z"}
info: Server started at http://localhost:3020/api/v1/ {"timestamp":"2023-12-24T12:46:15.633Z"}
info: Connected to the database. {"timestamp":"2023-12-24T12:46:15.653Z"}
info: Server started at http://localhost:3020/api/v1/ {"timestamp":"2023-12-24T12:47:51.860Z"}
info: Connected to the database. {"timestamp":"2023-12-24T12:47:51.880Z"}
info: Server started at http://localhost:3020/api/v1/ {"timestamp":"2023-12-24T13:01:35.290Z"}
info: Connected to the database. {"timestamp":"2023-12-24T13:01:35.351Z"}
info: Server started at http://localhost:3020/api/v1/ {"timestamp":"2023-12-24T13:02:51.757Z"}
info: Connected to the database. {"timestamp":"2023-12-24T13:02:51.784Z"}
info: Server started at http://localhost:3020/api/v1/ {"timestamp":"2023-12-24T13:04:22.680Z"}
info: Connected to the database. {"timestamp":"2023-12-24T13:04:22.715Z"}
error: 
    status - 500 
    message - SyntaxError: Unexpected token } in JSON at position 57
    at JSON.parse (<anonymous>)
    at parse (D:\chat_application\backend\node_modules\body-parser\lib\types\json.js:89:19)
    at D:\chat_application\backend\node_modules\body-parser\lib\read.js:128:18
    at AsyncResource.runInAsyncScope (node:async_hooks:203:9)
    at invokeCallback (D:\chat_application\backend\node_modules\raw-body\index.js:231:16)
    at done (D:\chat_application\backend\node_modules\raw-body\index.js:220:7)
    at IncomingMessage.onEnd (D:\chat_application\backend\node_modules\raw-body\index.js:280:7)
    at IncomingMessage.emit (node:events:514:28)
    at IncomingMessage.emit (node:domain:489:12)
    at endReadableNT (node:internal/streams/readable:1359:12)
    at processTicksAndRejections (node:internal/process/task_queues:82:21) 
    url - /api/v1/users/login 
    method - POST 
    IP - ::1
   {"timestamp":"2023-12-24T13:04:48.811Z"}
info: Server started at http://localhost:3020/api/v1/ {"timestamp":"2023-12-24T13:09:11.268Z"}
info: Connected to the database. {"timestamp":"2023-12-24T13:09:11.302Z"}
info: Server started at http://localhost:3020/api/v1/ {"timestamp":"2023-12-24T13:13:58.362Z"}
info: Connected to the database. {"timestamp":"2023-12-24T13:13:58.400Z"}
info: Server started at http://localhost:3020/api/v1/ {"timestamp":"2023-12-24T13:14:13.676Z"}
info: Connected to the database. {"timestamp":"2023-12-24T13:14:13.706Z"}
info: Server started at http://localhost:3020/api/v1/ {"timestamp":"2023-12-24T13:15:11.353Z"}
info: Connected to the database. {"timestamp":"2023-12-24T13:15:11.388Z"}
info: Server started at http://localhost:3020/api/v1/ {"timestamp":"2023-12-24T13:15:25.655Z"}
info: Connected to the database. {"timestamp":"2023-12-24T13:15:25.688Z"}
info: Server started at http://localhost:3020/api/v1/ {"timestamp":"2023-12-24T13:17:04.006Z"}
info: Connected to the database. {"timestamp":"2023-12-24T13:17:04.049Z"}
info: Server started at http://localhost:3020/api/v1/ {"timestamp":"2023-12-24T13:18:47.324Z"}
info: Connected to the database. {"timestamp":"2023-12-24T13:18:47.363Z"}
info: Server started at http://localhost:3020/api/v1/ {"timestamp":"2023-12-24T13:20:44.924Z"}
info: Connected to the database. {"timestamp":"2023-12-24T13:20:44.956Z"}
info: Server started at http://localhost:3020/api/v1/ {"timestamp":"2023-12-24T13:20:52.656Z"}
info: Connected to the database. {"timestamp":"2023-12-24T13:20:52.697Z"}
info: Server started at http://localhost:3020/api/v1/ {"timestamp":"2023-12-24T13:21:19.189Z"}
info: Connected to the database. {"timestamp":"2023-12-24T13:21:19.218Z"}
info: Server started at http://localhost:3020/api/v1/ {"timestamp":"2023-12-24T13:22:02.212Z"}
info: Connected to the database. {"timestamp":"2023-12-24T13:22:02.245Z"}
info: Server started at http://localhost:3020/api/v1/ {"timestamp":"2023-12-24T13:28:26.719Z"}
info: Connected to the database. {"timestamp":"2023-12-24T13:28:26.773Z"}
info: Server started at http://localhost:3020/api/v1/ {"timestamp":"2023-12-24T13:29:17.308Z"}
info: Connected to the database. {"timestamp":"2023-12-24T13:29:17.339Z"}
info: Server started at http://localhost:3020/api/v1/ {"timestamp":"2023-12-24T13:29:40.504Z"}
info: Connected to the database. {"timestamp":"2023-12-24T13:29:40.537Z"}
info: Server started at http://localhost:3020/api/v1/ {"timestamp":"2023-12-24T13:32:09.923Z"}
info: Connected to the database. {"timestamp":"2023-12-24T13:32:09.955Z"}
info: Server started at http://localhost:3020/api/v1/ {"timestamp":"2023-12-24T13:35:20.550Z"}
info: Connected to the database. {"timestamp":"2023-12-24T13:35:20.584Z"}
info: Server started at http://localhost:3020/api/v1/ {"timestamp":"2023-12-24T13:35:58.779Z"}
info: Connected to the database. {"timestamp":"2023-12-24T13:35:58.813Z"}
info: Server started at http://localhost:3020/api/v1/ {"timestamp":"2023-12-24T13:36:18.922Z"}
info: Connected to the database. {"timestamp":"2023-12-24T13:36:18.952Z"}
info: Server started at http://localhost:3020/api/v1/ {"timestamp":"2023-12-24T13:37:45.940Z"}
info: Connected to the database. {"timestamp":"2023-12-24T13:37:45.969Z"}
info: Server started at http://localhost:3020/api/v1/ {"timestamp":"2023-12-24T13:45:56.345Z"}
info: Connected to the database. {"timestamp":"2023-12-24T13:45:56.381Z"}
info: Server started at http://localhost:3020/api/v1/ {"timestamp":"2023-12-24T13:48:25.940Z"}
info: Connected to the database. {"timestamp":"2023-12-24T13:48:25.969Z"}
info: Server started at http://localhost:3020/api/v1/ {"timestamp":"2023-12-24T13:50:26.539Z"}
info: Connected to the database. {"timestamp":"2023-12-24T13:50:26.577Z"}
info: Server started at http://localhost:3020/api/v1/ {"timestamp":"2023-12-24T13:51:32.666Z"}
info: Connected to the database. {"timestamp":"2023-12-24T13:51:32.703Z"}
info: Server started at http://localhost:3020/api/v1/ {"timestamp":"2023-12-24T13:54:47.148Z"}
info: Connected to the database. {"timestamp":"2023-12-24T13:54:47.181Z"}
info: Server started at http://localhost:3020/api/v1/ {"timestamp":"2023-12-24T13:57:12.937Z"}
info: Connected to the database. {"timestamp":"2023-12-24T13:57:12.970Z"}
info: Server started at http://localhost:3020/api/v1/ {"timestamp":"2023-12-24T14:01:37.967Z"}
info: Connected to the database. {"timestamp":"2023-12-24T14:01:37.998Z"}
info: Server started at http://localhost:3020/api/v1/ {"timestamp":"2023-12-24T14:09:43.926Z"}
info: Connected to the database. {"timestamp":"2023-12-24T14:09:43.997Z"}
info: Server started at http://localhost:3020/api/v1/ {"timestamp":"2023-12-24T14:09:52.348Z"}
info: Connected to the database. {"timestamp":"2023-12-24T14:09:52.458Z"}
info: Server started at http://localhost:3020/api/v1/ {"timestamp":"2023-12-24T14:10:04.701Z"}
info: Connected to the database. {"timestamp":"2023-12-24T14:10:04.764Z"}
info: Server started at http://localhost:3020/api/v1/ {"timestamp":"2023-12-24T14:10:24.309Z"}
info: Connected to the database. {"timestamp":"2023-12-24T14:10:24.385Z"}
info: Server started at http://localhost:3020/api/v1/ {"timestamp":"2023-12-24T14:10:34.975Z"}
info: Connected to the database. {"timestamp":"2023-12-24T14:10:35.067Z"}
info: Server started at http://localhost:3020/api/v1/ {"timestamp":"2023-12-24T14:26:48.299Z"}
info: Connected to the database. {"timestamp":"2023-12-24T14:26:48.402Z"}
info: Server started at http://localhost:3020/api/v1/ {"timestamp":"2023-12-24T14:28:42.935Z"}
info: Connected to the database. {"timestamp":"2023-12-24T14:28:42.996Z"}
info: Server started at http://localhost:3020/api/v1/ {"timestamp":"2023-12-24T14:31:17.207Z"}
info: Connected to the database. {"timestamp":"2023-12-24T14:31:17.262Z"}
info: Server started at http://localhost:3020/api/v1/ {"timestamp":"2023-12-24T14:33:14.701Z"}
info: Connected to the database. {"timestamp":"2023-12-24T14:33:14.755Z"}
info: Server started at http://localhost:3020/api/v1/ {"timestamp":"2023-12-24T14:33:37.449Z"}
info: Connected to the database. {"timestamp":"2023-12-24T14:33:37.495Z"}
info: Server started at http://localhost:3020/api/v1/ {"timestamp":"2023-12-24T14:34:24.351Z"}
info: Connected to the database. {"timestamp":"2023-12-24T14:34:24.403Z"}
info: Server started at http://localhost:3020/api/v1/ {"timestamp":"2023-12-24T14:35:59.323Z"}
info: Connected to the database. {"timestamp":"2023-12-24T14:35:59.400Z"}
info: Server started at http://localhost:3020/api/v1/ {"timestamp":"2023-12-24T15:34:26.697Z"}
info: Connected to the database. {"timestamp":"2023-12-24T15:34:26.745Z"}
info: Server started at http://localhost:3020/api/v1/ {"timestamp":"2023-12-24T15:35:06.578Z"}
info: Connected to the database. {"timestamp":"2023-12-24T15:35:06.621Z"}
info: Server started at http://localhost:3020/api/v1/ {"timestamp":"2023-12-24T15:44:26.910Z"}
info: Connected to the database. {"timestamp":"2023-12-24T15:44:26.928Z"}
info: Server started at http://localhost:3020/api/v1/ {"timestamp":"2023-12-24T16:13:35.657Z"}
info: Connected to the database. {"timestamp":"2023-12-24T16:13:35.675Z"}
info: Server started at http://localhost:3020/api/v1/ {"timestamp":"2023-12-24T16:14:08.764Z"}
info: Connected to the database. {"timestamp":"2023-12-24T16:14:08.784Z"}
info: Server started at http://localhost:3020/api/v1/ {"timestamp":"2023-12-24T16:16:08.850Z"}
info: Connected to the database. {"timestamp":"2023-12-24T16:16:08.872Z"}
info: Server started at http://localhost:3020/api/v1/ {"timestamp":"2023-12-24T16:46:13.348Z"}
info: Connected to the database. {"timestamp":"2023-12-24T16:46:13.367Z"}
info: Server started at http://localhost:3020/api/v1/ {"timestamp":"2023-12-24T16:48:15.737Z"}
info: Connected to the database. {"timestamp":"2023-12-24T16:48:15.759Z"}
info: Server started at http://localhost:3020/api/v1/ {"timestamp":"2023-12-24T16:57:02.278Z"}
info: Connected to the database. {"timestamp":"2023-12-24T16:57:02.316Z"}
info: Server started at http://localhost:3020/api/v1/ {"timestamp":"2023-12-24T16:57:41.462Z"}
info: Connected to the database. {"timestamp":"2023-12-24T16:57:41.516Z"}
info: Server started at http://localhost:3020/api/v1/ {"timestamp":"2023-12-24T16:58:39.280Z"}
info: Connected to the database. {"timestamp":"2023-12-24T16:58:39.308Z"}
info: Server started at http://localhost:3020/api/v1/ {"timestamp":"2023-12-24T16:59:37.285Z"}
info: Connected to the database. {"timestamp":"2023-12-24T16:59:37.323Z"}
info: Server started at http://localhost:3020/api/v1/ {"timestamp":"2023-12-24T16:59:51.200Z"}
info: Connected to the database. {"timestamp":"2023-12-24T16:59:51.228Z"}
info: Server started at http://localhost:3020/api/v1/ {"timestamp":"2023-12-24T17:00:27.567Z"}
info: Connected to the database. {"timestamp":"2023-12-24T17:00:27.607Z"}
info: Server started at http://localhost:3020/api/v1/ {"timestamp":"2023-12-24T17:00:55.998Z"}
info: Connected to the database. {"timestamp":"2023-12-24T17:00:56.028Z"}
info: Server started at http://localhost:3020/api/v1/ {"timestamp":"2023-12-24T17:01:10.419Z"}
info: Connected to the database. {"timestamp":"2023-12-24T17:01:10.480Z"}
info: Server started at http://localhost:3020/api/v1/ {"timestamp":"2023-12-24T17:06:59.944Z"}
info: Connected to the database. {"timestamp":"2023-12-24T17:06:59.973Z"}
info: Server started at http://localhost:3020/api/v1/ {"timestamp":"2023-12-24T17:08:26.050Z"}
info: Connected to the database. {"timestamp":"2023-12-24T17:08:26.095Z"}
info: Server started at http://localhost:3020/api/v1/ {"timestamp":"2023-12-24T17:08:37.931Z"}
info: Connected to the database. {"timestamp":"2023-12-24T17:08:37.962Z"}
info: Server started at http://localhost:3020/api/v1/ {"timestamp":"2023-12-24T17:09:39.157Z"}
info: Connected to the database. {"timestamp":"2023-12-24T17:09:39.188Z"}
info: Server started at http://localhost:3020/api/v1/ {"timestamp":"2023-12-24T17:09:53.472Z"}
info: Connected to the database. {"timestamp":"2023-12-24T17:09:53.502Z"}
info: Server started at http://localhost:3020/api/v1/ {"timestamp":"2023-12-24T17:10:48.433Z"}
info: Connected to the database. {"timestamp":"2023-12-24T17:10:48.482Z"}
info: Server started at http://localhost:3020/api/v1/ {"timestamp":"2023-12-24T17:11:48.562Z"}
info: Connected to the database. {"timestamp":"2023-12-24T17:11:48.592Z"}
info: Server started at http://localhost:3020/api/v1/ {"timestamp":"2023-12-24T17:13:56.855Z"}
info: Connected to the database. {"timestamp":"2023-12-24T17:13:56.883Z"}
info: Server started at http://localhost:3020/api/v1/ {"timestamp":"2023-12-24T17:14:23.196Z"}
info: Connected to the database. {"timestamp":"2023-12-24T17:14:23.236Z"}
info: Server started at http://localhost:3020/api/v1/ {"timestamp":"2023-12-24T17:14:45.310Z"}
info: Connected to the database. {"timestamp":"2023-12-24T17:14:45.333Z"}
info: Server started at http://localhost:3020/api/v1/ {"timestamp":"2023-12-24T17:15:05.315Z"}
info: Connected to the database. {"timestamp":"2023-12-24T17:15:05.345Z"}
info: Server started at http://localhost:3020/api/v1/ {"timestamp":"2023-12-24T17:15:31.178Z"}
info: Connected to the database. {"timestamp":"2023-12-24T17:15:31.223Z"}
info: Server started at http://localhost:3020/api/v1/ {"timestamp":"2023-12-24T17:15:43.900Z"}
info: Connected to the database. {"timestamp":"2023-12-24T17:15:43.935Z"}
info: Server started at http://localhost:3020/api/v1/ {"timestamp":"2023-12-24T17:15:57.546Z"}
info: Connected to the database. {"timestamp":"2023-12-24T17:15:57.587Z"}
info: Server started at http://localhost:3020/api/v1/ {"timestamp":"2023-12-24T17:16:30.282Z"}
info: Connected to the database. {"timestamp":"2023-12-24T17:16:30.312Z"}
info: Server started at http://localhost:3020/api/v1/ {"timestamp":"2023-12-24T17:17:54.944Z"}
info: Connected to the database. {"timestamp":"2023-12-24T17:17:54.974Z"}
info: Server started at http://localhost:3020/api/v1/ {"timestamp":"2023-12-24T17:18:17.699Z"}
info: Connected to the database. {"timestamp":"2023-12-24T17:18:17.729Z"}
info: Server started at http://localhost:3020/api/v1/ {"timestamp":"2023-12-24T17:19:03.301Z"}
info: Connected to the database. {"timestamp":"2023-12-24T17:19:03.329Z"}
info: Server started at http://localhost:3020/api/v1/ {"timestamp":"2023-12-24T18:19:35.340Z"}
info: Connected to the database. {"timestamp":"2023-12-24T18:19:35.360Z"}
